<?xml version="1.0" encoding="UTF-8"?>
<!-- Generated by org.testng.reporters.JUnitReportReporter -->
<testsuite hostname="LAPTOP-D6O702J3" failures="0" tests="2" name="testCases.TC002_LoginTest" time="5.968" errors="0" timestamp="2024-11-06T20:04:11 IST" skipped="0">
  <testcase classname="testCases.TC002_LoginTest" name="verify_login" time="4.537"/>
  <system-out/>
  <testcase classname="testCases.TC002_LoginTest" name="verify_login" time="1.431"/>
  <system-out/>
</testsuite> <!-- testCases.TC002_LoginTest -->
