<?xml version="1.0" encoding="UTF-8"?>
<!-- Generated by org.testng.reporters.JUnitReportReporter -->
<testsuite hostname="LAPTOP-D6O702J3" failures="0" tests="1" name="testCases.TC001_AccountRegistrationTest" time="1.890" errors="0" timestamp="2024-11-06T20:43:12 IST" skipped="0">
  <testcase classname="testCases.TC001_AccountRegistrationTest" name="verify_account_registration" time="1.890"/>
</testsuite> <!-- testCases.TC001_AccountRegistrationTest -->
