<?xml version="1.0" encoding="UTF-8"?>
<!-- Generated by org.testng.reporters.JUnitReportReporter -->
<testsuite hostname="LAPTOP-D6O702J3" failures="0" tests="1" name="testCases.TC002_LoginTest" time="1.283" errors="0" timestamp="2024-11-06T20:43:12 IST" skipped="0">
  <testcase classname="testCases.TC002_LoginTest" name="verify_login" time="1.283"/>
</testsuite> <!-- testCases.TC002_LoginTest -->
